c:\users\brian\source\repos\stringmanipulation\stringmanipulation\debug\stringmanipulation.pch
c:\users\brian\source\repos\stringmanipulation\stringmanipulation\debug\vc141.pdb
c:\users\brian\source\repos\stringmanipulation\stringmanipulation\debug\vc141.idb
c:\users\brian\source\repos\stringmanipulation\stringmanipulation\debug\pch.obj
c:\users\brian\source\repos\stringmanipulation\stringmanipulation\debug\string_manipulation.obj
c:\users\brian\source\repos\stringmanipulation\stringmanipulation\debug\stringmanipulation.obj
c:\users\brian\source\repos\stringmanipulation\debug\stringmanipulation.pdb
c:\users\brian\source\repos\stringmanipulation\stringmanipulation\debug\stringma.88e93653.tlog\cl.command.1.tlog
c:\users\brian\source\repos\stringmanipulation\stringmanipulation\debug\stringma.88e93653.tlog\cl.read.1.tlog
c:\users\brian\source\repos\stringmanipulation\stringmanipulation\debug\stringma.88e93653.tlog\cl.write.1.tlog
c:\users\brian\source\repos\stringmanipulation\stringmanipulation\debug\stringma.88e93653.tlog\link-cvtres.read.1.tlog
c:\users\brian\source\repos\stringmanipulation\stringmanipulation\debug\stringma.88e93653.tlog\link-cvtres.write.1.tlog
c:\users\brian\source\repos\stringmanipulation\stringmanipulation\debug\stringma.88e93653.tlog\link-rc.read.1.tlog
c:\users\brian\source\repos\stringmanipulation\stringmanipulation\debug\stringma.88e93653.tlog\link-rc.write.1.tlog
c:\users\brian\source\repos\stringmanipulation\stringmanipulation\debug\stringma.88e93653.tlog\link.9944-cvtres.read.1.tlog
c:\users\brian\source\repos\stringmanipulation\stringmanipulation\debug\stringma.88e93653.tlog\link.9944-cvtres.write.1.tlog
c:\users\brian\source\repos\stringmanipulation\stringmanipulation\debug\stringma.88e93653.tlog\link.9944-rc.read.1.tlog
c:\users\brian\source\repos\stringmanipulation\stringmanipulation\debug\stringma.88e93653.tlog\link.9944-rc.write.1.tlog
c:\users\brian\source\repos\stringmanipulation\stringmanipulation\debug\stringma.88e93653.tlog\link.9944.read.1.tlog
c:\users\brian\source\repos\stringmanipulation\stringmanipulation\debug\stringma.88e93653.tlog\link.9944.write.1.tlog
c:\users\brian\source\repos\stringmanipulation\stringmanipulation\debug\stringma.88e93653.tlog\link.command.1.tlog
c:\users\brian\source\repos\stringmanipulation\stringmanipulation\debug\stringma.88e93653.tlog\link.read.1.tlog
c:\users\brian\source\repos\stringmanipulation\stringmanipulation\debug\stringma.88e93653.tlog\link.write.1.tlog
